Base path: C:/Program Files/Unity/Editor/Data
Cmd: initializeCompiler
Cmd: preprocess
  insize=1783 outsize=1095 ok=1
Cmd: preprocess
  insize=1927 outsize=1096 ok=1
Cmd: preprocess
  error: 2 plat 20 at (35): Can't find include file ../../../Distortion/GvrDistortion.cginc
  insize=1845 outsize=950 ok=0
Cmd: preprocess
  insize=3255 outsize=1840 ok=1
Cmd: preprocess
  insize=3451 outsize=1353 ok=1
Cmd: preprocess
  insize=1734 outsize=1021 ok=1
Cmd: preprocess
  insize=1248 outsize=1248 ok=1
Cmd: preprocess
  insize=1543 outsize=890 ok=1
Cmd: preprocess
  insize=2076 outsize=1256 ok=1
Cmd: preprocess
  insize=1766 outsize=899 ok=1
Cmd: preprocess
  insize=1213 outsize=1213 ok=1
Cmd: preprocess
  insize=2083 outsize=1090 ok=1
Cmd: preprocess
  insize=8795 outsize=1080 ok=1
